Flutter crash report; please file at https://github.com/flutter/flutter/issues.

## command

flutter --quiet assemble --depfile /Users/manu/repo/bipo/build/app/intermediates/flutter/debug/flutter_build.d --output /Users/manu/repo/bipo/build/app/intermediates/flutter/debug -dTargetFile=/Users/manu/repo/bipo/lib/main.dart -dTargetPlatform=android -dBuildMode=debug debug_android_application

## exception

FileSystemException: FileSystemException: writeFrom failed, path = '' (OS Error: Broken pipe, errno = 32)

```
#0      _RandomAccessFile.writeFromSync (dart:io/file_impl.dart:881:7)
#1      _StdConsumer.addStream.<anonymous closure> (dart:io/stdio.dart:310:15)
#2      _rootRunUnary (dart:async/zone.dart:1134:38)
#3      _CustomZone.runUnary (dart:async/zone.dart:1031:19)
#4      _CustomZone.runUnaryGuarded (dart:async/zone.dart:933:7)
#5      _BufferingStreamSubscription._sendData (dart:async/stream_impl.dart:339:11)
#6      _BufferingStreamSubscription._add (dart:async/stream_impl.dart:266:7)
#7      _SyncStreamControllerDispatch._sendData (dart:async/stream_controller.dart:773:19)
#8      _StreamController._add (dart:async/stream_controller.dart:649:7)
#9      _StreamController.add (dart:async/stream_controller.dart:595:5)
#10     _StreamSinkImpl.add (dart:io/io_sink.dart:158:17)
#11     _IOSinkImpl.write (dart:io/io_sink.dart:291:5)
#12     _IOSinkImpl.writeln (dart:io/io_sink.dart:311:5)
#13     _StdSink.writeln (dart:io/stdio.dart:343:11)
#14     StdoutLogger.printError (package:flutter_tools/src/base/logger.dart:180:12)
#15     printError (package:flutter_tools/src/globals.dart:32:10)
#16     StdoutHandler.handler (package:flutter_tools/src/compile.dart:167:11)
#17     _rootRunUnary (dart:async/zone.dart:1134:38)
#18     _CustomZone.runUnary (dart:async/zone.dart:1031:19)
#19     _CustomZone.runUnaryGuarded (dart:async/zone.dart:933:7)
#20     _BufferingStreamSubscription._sendData (dart:async/stream_impl.dart:339:11)
#21     _BufferingStreamSubscription._add (dart:async/stream_impl.dart:266:7)
#22     _SinkTransformerStreamSubscription._add (dart:async/stream_transformers.dart:70:11)
#23     _EventSinkWrapper.add (dart:async/stream_transformers.dart:17:11)
#24     _StringAdapterSink.add (dart:convert/string_conversion.dart:238:11)
#25     _LineSplitterSink._addLines (dart:convert/line_splitter.dart:152:13)
#26     _LineSplitterSink.addSlice (dart:convert/line_splitter.dart:127:5)
#27     StringConversionSinkMixin.add (dart:convert/string_conversion.dart:165:5)
#28     _SinkTransformerStreamSubscription._handleData (dart:async/stream_transformers.dart:122:24)
#29     _rootRunUnary (dart:async/zone.dart:1134:38)
#30     _CustomZone.runUnary (dart:async/zone.dart:1031:19)
#31     _CustomZone.runUnaryGuarded (dart:async/zone.dart:933:7)
#32     _BufferingStreamSubscription._sendData (dart:async/stream_impl.dart:339:11)
#33     _BufferingStreamSubscription._add (dart:async/stream_impl.dart:266:7)
#34     _SinkTransformerStreamSubscription._add (dart:async/stream_transformers.dart:70:11)
#35     _EventSinkWrapper.add (dart:async/stream_transformers.dart:17:11)
#36     _StringAdapterSink.add (dart:convert/string_conversion.dart:238:11)
#37     _StringAdapterSink.addSlice (dart:convert/string_conversion.dart:243:7)
#38     _Utf8ConversionSink.addSlice (dart:convert/string_conversion.dart:314:20)
#39     _Utf8ConversionSink.add (dart:convert/string_conversion.dart:307:5)
#40     _ConverterStreamEventSink.add (dart:convert/chunked_conversion.dart:74:18)
#41     _SinkTransformerStreamSubscription._handleData (dart:async/stream_transformers.dart:122:24)
#42     _rootRunUnary (dart:async/zone.dart:1134:38)
#43     _CustomZone.runUnary (dart:async/zone.dart:1031:19)
#44     _CustomZone.runUnaryGuarded (dart:async/zone.dart:933:7)
#45     _BufferingStreamSubscription._sendData (dart:async/stream_impl.dart:339:11)
#46     _BufferingStreamSubscription._add (dart:async/stream_impl.dart:266:7)
#47     _SyncStreamControllerDispatch._sendData (dart:async/stream_controller.dart:773:19)
#48     _StreamController._add (dart:async/stream_controller.dart:649:7)
#49     _StreamController.add (dart:async/stream_controller.dart:595:5)
#50     _Socket._onData (dart:io-patch/socket_patch.dart:1873:41)
#51     _rootRunUnary (dart:async/zone.dart:1138:13)
#52     _CustomZone.runUnary (dart:async/zone.dart:1031:19)
#53     _CustomZone.runUnaryGuarded (dart:async/zone.dart:933:7)
#54     _BufferingStreamSubscription._sendData (dart:async/stream_impl.dart:339:11)
#55     _BufferingStreamSubscription._add (dart:async/stream_impl.dart:266:7)
#56     _SyncStreamControllerDispatch._sendData (dart:async/stream_controller.dart:773:19)
#57     _StreamController._add (dart:async/stream_controller.dart:649:7)
#58     _StreamController.add (dart:async/stream_controller.dart:595:5)
#59     new _RawSocket.<anonymous closure> (dart:io-patch/socket_patch.dart:1415:33)
#60     _NativeSocket.issueReadEvent.issue (dart:io-patch/socket_patch.dart:919:14)
#61     _microtaskLoop (dart:async/schedule_microtask.dart:43:21)
#62     _startMicrotaskLoop (dart:async/schedule_microtask.dart:52:5)
#63     _runPendingImmediateCallback (dart:isolate-patch/isolate_patch.dart:118:13)
#64     _RawReceivePortImpl._handleMessage (dart:isolate-patch/isolate_patch.dart:175:5)
```

## flutter doctor

```
[✓] Flutter (Channel beta, v1.13.6, on Mac OS X 10.15.2 19C57, locale fr-FR)
    • Flutter version 1.13.6 at /Users/manu/flutter
    • Framework revision 659dc8129d (5 weeks ago), 2019-12-30 09:24:47 -0800
    • Engine revision bdc9708d23
    • Dart version 2.8.0 (build 2.8.0-dev.0.0 c547f5d933)

[✓] Android toolchain - develop for Android devices (Android SDK version 29.0.2)
    • Android SDK at /Users/manu/Library/Android/sdk
    • Android NDK location not configured (optional; useful for native profiling support)
    • Platform android-29, build-tools 29.0.2
    • Java binary at: /Applications/Android Studio.app/Contents/jre/jdk/Contents/Home/bin/java
    • Java version OpenJDK Runtime Environment (build 1.8.0_202-release-1483-b49-5587405)
    • All Android licenses accepted.

[!] Xcode - develop for iOS and macOS (Xcode 11.3.1)
    • Xcode at /Applications/Xcode.app/Contents/Developer
    • Xcode 11.3.1, Build version 11C504
    ✗ CocoaPods installed but not working.
        You appear to have CocoaPods installed but it is not working.
        This can happen if the version of Ruby that CocoaPods was installed with is different from the one being used to invoke it.
        This can usually be fixed by re-installing CocoaPods. For more info, see https://github.com/flutter/flutter/issues/14293.
      To re-install CocoaPods, run:
        sudo gem install cocoapods

[✓] Chrome - develop for the web
    • Chrome at /Applications/Google Chrome.app/Contents/MacOS/Google Chrome

[✓] Android Studio (version 3.5)
    • Android Studio at /Applications/Android Studio.app/Contents
    • Flutter plugin version 42.1.1
    • Dart plugin version 191.8593
    • Java version OpenJDK Runtime Environment (build 1.8.0_202-release-1483-b49-5587405)

[✓] Connected device (3 available)
    • VOG L29    • 22X0219917006534 • android-arm64  • Android 10 (API 29)
    • Chrome     • chrome           • web-javascript • Google Chrome 79.0.3945.130
    • Web Server • web-server       • web-javascript • Flutter Tools

! Doctor found issues in 1 category.
```
